{"/home/samantha/Documents/automationGIT/test.js":{"path":"/home/samantha/Documents/automationGIT/test.js","s":{"1":1,"2":1,"3":1,"4":0,"5":1,"6":0,"7":1},"b":{},"f":{"1":0,"2":0,"3":0,"4":0},"fnMap":{"1":{"name":"(anonymous_1)","line":2,"loc":{"start":{"line":2,"column":11},"end":{"line":2,"column":21}}},"2":{"name":"(anonymous_2)","line":6,"loc":{"start":{"line":6,"column":12},"end":{"line":6,"column":22}}},"3":{"name":"(anonymous_3)","line":10,"loc":{"start":{"line":10,"column":29},"end":{"line":10,"column":39}}},"4":{"name":"(anonymous_4)","line":14,"loc":{"start":{"line":14,"column":28},"end":{"line":14,"column":38}}}},"statementMap":{"1":{"start":{"line":2,"column":0},"end":{"line":4,"column":1}},"2":{"start":{"line":6,"column":0},"end":{"line":8,"column":1}},"3":{"start":{"line":10,"column":0},"end":{"line":12,"column":1}},"4":{"start":{"line":11,"column":1},"end":{"line":11,"column":23}},"5":{"start":{"line":14,"column":0},"end":{"line":16,"column":1}},"6":{"start":{"line":15,"column":1},"end":{"line":15,"column":25}},"7":{"start":{"line":17,"column":0},"end":{"line":17,"column":22}}},"branchMap":{}}}