{"/home/samantha/Documents/automationGIT/and_or_tree.js":{"path":"/home/samantha/Documents/automationGIT/and_or_tree.js","s":{"1":1,"2":1,"3":0,"4":0,"5":1,"6":0,"7":0,"8":0,"9":0,"10":0,"11":0,"12":0,"13":1,"14":1,"15":0,"16":1,"17":1,"18":0,"19":0,"20":0,"21":0,"22":0,"23":0,"24":0,"25":0,"26":1,"27":1,"28":0,"29":0,"30":0,"31":0,"32":0,"33":0,"34":0,"35":0,"36":0,"37":1,"38":0,"39":0,"40":1,"41":0,"42":0,"43":0,"44":0,"45":1},"b":{"1":[0,0],"2":[0,0,0],"3":[0,0],"4":[0,0],"5":[0,0],"6":[0,0],"7":[0,0],"8":[0,0]},"f":{"1":0,"2":0,"3":0,"4":0,"5":0,"6":0,"7":0,"8":0},"fnMap":{"1":{"name":"(anonymous_1)","line":36,"loc":{"start":{"line":36,"column":18},"end":{"line":36,"column":30}}},"2":{"name":"(anonymous_2)","line":41,"loc":{"start":{"line":41,"column":16},"end":{"line":41,"column":78}}},"3":{"name":"(anonymous_3)","line":56,"loc":{"start":{"line":56,"column":21},"end":{"line":56,"column":33}}},"4":{"name":"(anonymous_4)","line":65,"loc":{"start":{"line":65,"column":38},"end":{"line":65,"column":109}}},"5":{"name":"(anonymous_5)","line":81,"loc":{"start":{"line":81,"column":46},"end":{"line":81,"column":102}}},"6":{"name":"(anonymous_6)","line":85,"loc":{"start":{"line":85,"column":44},"end":{"line":85,"column":56}}},"7":{"name":"(anonymous_7)","line":102,"loc":{"start":{"line":102,"column":36},"end":{"line":102,"column":47}}},"8":{"name":"(anonymous_8)","line":107,"loc":{"start":{"line":107,"column":33},"end":{"line":107,"column":43}}}},"statementMap":{"1":{"start":{"line":35,"column":0},"end":{"line":35,"column":34}},"2":{"start":{"line":36,"column":0},"end":{"line":39,"column":1}},"3":{"start":{"line":37,"column":1},"end":{"line":37,"column":23}},"4":{"start":{"line":38,"column":1},"end":{"line":38,"column":30}},"5":{"start":{"line":41,"column":0},"end":{"line":50,"column":1}},"6":{"start":{"line":42,"column":1},"end":{"line":44,"column":2}},"7":{"start":{"line":43,"column":2},"end":{"line":43,"column":46}},"8":{"start":{"line":45,"column":1},"end":{"line":45,"column":36}},"9":{"start":{"line":46,"column":1},"end":{"line":46,"column":38}},"10":{"start":{"line":47,"column":1},"end":{"line":47,"column":28}},"11":{"start":{"line":48,"column":1},"end":{"line":48,"column":20}},"12":{"start":{"line":49,"column":1},"end":{"line":49,"column":26}},"13":{"start":{"line":52,"column":0},"end":{"line":52,"column":45}},"14":{"start":{"line":56,"column":0},"end":{"line":59,"column":1}},"15":{"start":{"line":57,"column":1},"end":{"line":57,"column":25}},"16":{"start":{"line":60,"column":0},"end":{"line":60,"column":55}},"17":{"start":{"line":65,"column":0},"end":{"line":78,"column":1}},"18":{"start":{"line":66,"column":1},"end":{"line":68,"column":2}},"19":{"start":{"line":67,"column":2},"end":{"line":67,"column":57}},"20":{"start":{"line":71,"column":1},"end":{"line":73,"column":2}},"21":{"start":{"line":72,"column":2},"end":{"line":72,"column":52}},"22":{"start":{"line":74,"column":1},"end":{"line":74,"column":84}},"23":{"start":{"line":75,"column":1},"end":{"line":75,"column":52}},"24":{"start":{"line":76,"column":1},"end":{"line":76,"column":29}},"25":{"start":{"line":77,"column":1},"end":{"line":77,"column":37}},"26":{"start":{"line":81,"column":0},"end":{"line":83,"column":1}},"27":{"start":{"line":85,"column":0},"end":{"line":100,"column":1}},"28":{"start":{"line":86,"column":1},"end":{"line":99,"column":2}},"29":{"start":{"line":87,"column":2},"end":{"line":87,"column":42}},"30":{"start":{"line":88,"column":2},"end":{"line":88,"column":54}},"31":{"start":{"line":89,"column":2},"end":{"line":91,"column":3}},"32":{"start":{"line":90,"column":3},"end":{"line":90,"column":145}},"33":{"start":{"line":93,"column":2},"end":{"line":93,"column":21}},"34":{"start":{"line":94,"column":2},"end":{"line":98,"column":3}},"35":{"start":{"line":95,"column":3},"end":{"line":97,"column":4}},"36":{"start":{"line":96,"column":4},"end":{"line":96,"column":39}},"37":{"start":{"line":102,"column":0},"end":{"line":105,"column":1}},"38":{"start":{"line":103,"column":1},"end":{"line":103,"column":23}},"39":{"start":{"line":104,"column":1},"end":{"line":104,"column":30}},"40":{"start":{"line":107,"column":0},"end":{"line":113,"column":1}},"41":{"start":{"line":108,"column":1},"end":{"line":108,"column":13}},"42":{"start":{"line":109,"column":1},"end":{"line":112,"column":2}},"43":{"start":{"line":110,"column":2},"end":{"line":110,"column":25}},"44":{"start":{"line":111,"column":2},"end":{"line":111,"column":44}},"45":{"start":{"line":118,"column":0},"end":{"line":118,"column":29}}},"branchMap":{"1":{"line":42,"type":"if","locations":[{"start":{"line":42,"column":1},"end":{"line":42,"column":1}},{"start":{"line":42,"column":1},"end":{"line":42,"column":1}}]},"2":{"line":42,"type":"binary-expr","locations":[{"start":{"line":42,"column":5},"end":{"line":42,"column":27}},{"start":{"line":42,"column":31},"end":{"line":42,"column":57}},{"start":{"line":42,"column":61},"end":{"line":42,"column":88}}]},"3":{"line":66,"type":"if","locations":[{"start":{"line":66,"column":1},"end":{"line":66,"column":1}},{"start":{"line":66,"column":1},"end":{"line":66,"column":1}}]},"4":{"line":71,"type":"if","locations":[{"start":{"line":71,"column":1},"end":{"line":71,"column":1}},{"start":{"line":71,"column":1},"end":{"line":71,"column":1}}]},"5":{"line":89,"type":"if","locations":[{"start":{"line":89,"column":2},"end":{"line":89,"column":2}},{"start":{"line":89,"column":2},"end":{"line":89,"column":2}}]},"6":{"line":89,"type":"binary-expr","locations":[{"start":{"line":89,"column":6},"end":{"line":89,"column":18}},{"start":{"line":89,"column":22},"end":{"line":89,"column":35}}]},"7":{"line":94,"type":"if","locations":[{"start":{"line":94,"column":2},"end":{"line":94,"column":2}},{"start":{"line":94,"column":2},"end":{"line":94,"column":2}}]},"8":{"line":95,"type":"if","locations":[{"start":{"line":95,"column":3},"end":{"line":95,"column":3}},{"start":{"line":95,"column":3},"end":{"line":95,"column":3}}]}}}}