TN:
SF:/home/samantha/Documents/automationGIT/and_or_tree.js
FN:36,(anonymous_1)
FN:41,(anonymous_2)
FN:56,(anonymous_3)
FN:65,(anonymous_4)
FN:81,(anonymous_5)
FN:85,(anonymous_6)
FN:102,(anonymous_7)
FN:107,(anonymous_8)
FNF:8
FNH:0
FNDA:0,(anonymous_1)
FNDA:0,(anonymous_2)
FNDA:0,(anonymous_3)
FNDA:0,(anonymous_4)
FNDA:0,(anonymous_5)
FNDA:0,(anonymous_6)
FNDA:0,(anonymous_7)
FNDA:0,(anonymous_8)
DA:35,1
DA:36,1
DA:37,0
DA:38,0
DA:41,1
DA:42,0
DA:43,0
DA:45,0
DA:46,0
DA:47,0
DA:48,0
DA:49,0
DA:52,1
DA:56,1
DA:57,0
DA:60,1
DA:65,1
DA:66,0
DA:67,0
DA:71,0
DA:72,0
DA:74,0
DA:75,0
DA:76,0
DA:77,0
DA:81,1
DA:85,1
DA:86,0
DA:87,0
DA:88,0
DA:89,0
DA:90,0
DA:93,0
DA:94,0
DA:95,0
DA:96,0
DA:102,1
DA:103,0
DA:104,0
DA:107,1
DA:108,0
DA:109,0
DA:110,0
DA:111,0
DA:118,1
LF:45
LH:12
BRDA:42,1,0,0
BRDA:42,1,1,0
BRDA:42,2,0,0
BRDA:42,2,1,0
BRDA:42,2,2,0
BRDA:66,3,0,0
BRDA:66,3,1,0
BRDA:71,4,0,0
BRDA:71,4,1,0
BRDA:89,5,0,0
BRDA:89,5,1,0
BRDA:89,6,0,0
BRDA:89,6,1,0
BRDA:94,7,0,0
BRDA:94,7,1,0
BRDA:95,8,0,0
BRDA:95,8,1,0
BRF:17
BRH:0
end_of_record
